0 info it worked if it ends with ok
1 verbose cli [ '/usr/bin/node', '/usr/bin/npm', 'install', 'underscore' ]
2 info using npm@1.4.28
3 info using node@v0.10.37
4 verbose node symlink /usr/bin/node
5 warn package.json deep-wizard@0.0.1 No repository field.
6 verbose readDependencies using package.json deps
7 verbose cache add [ 'underscore@1.3.3', null ]
8 verbose cache add name=undefined spec="underscore@1.3.3" args=["underscore@1.3.3",null]
9 verbose parsed url { protocol: null,
9 verbose parsed url   slashes: null,
9 verbose parsed url   auth: null,
9 verbose parsed url   host: null,
9 verbose parsed url   port: null,
9 verbose parsed url   hostname: null,
9 verbose parsed url   hash: null,
9 verbose parsed url   search: null,
9 verbose parsed url   query: null,
9 verbose parsed url   pathname: 'underscore@1.3.3',
9 verbose parsed url   path: 'underscore@1.3.3',
9 verbose parsed url   href: 'underscore@1.3.3' }
10 verbose cache add name="underscore" spec="1.3.3" args=["underscore","1.3.3"]
11 verbose parsed url { protocol: null,
11 verbose parsed url   slashes: null,
11 verbose parsed url   auth: null,
11 verbose parsed url   host: null,
11 verbose parsed url   port: null,
11 verbose parsed url   hostname: null,
11 verbose parsed url   hash: null,
11 verbose parsed url   search: null,
11 verbose parsed url   query: null,
11 verbose parsed url   pathname: '1.3.3',
11 verbose parsed url   path: '1.3.3',
11 verbose parsed url   href: '1.3.3' }
12 verbose addNamed [ 'underscore', '1.3.3' ]
13 verbose addNamed [ '1.3.3', '1.3.3' ]
14 silly lockFile 99e765c4-underscore-1-3-3 underscore@1.3.3
15 verbose lock underscore@1.3.3 /home/admin1/.npm/99e765c4-underscore-1-3-3.lock
16 verbose request where is /underscore
17 verbose request registry https://registry.npmjs.org/
18 verbose request id be0d72bad695e17a
19 verbose url raw /underscore
20 verbose url resolving [ 'https://registry.npmjs.org/', './underscore' ]
21 verbose url resolved https://registry.npmjs.org/underscore
22 verbose request where is https://registry.npmjs.org/underscore
23 info trying registry request attempt 1 at 09:52:29
24 verbose etag "4L7DMSWPPTC886A75UHH1NY0C"
25 http GET https://registry.npmjs.org/underscore
26 http 200 https://registry.npmjs.org/underscore
27 silly registry.get cb [ 200,
27 silly registry.get   { date: 'Mon, 13 Apr 2015 04:22:29 GMT',
27 silly registry.get     server: 'CouchDB/1.5.0 (Erlang OTP/R16B03)',
27 silly registry.get     etag: '"7C1BRLYGKR5V8HTCKJBBHI6FQ"',
27 silly registry.get     'content-type': 'application/json',
27 silly registry.get     'cache-control': 'max-age=60',
27 silly registry.get     'content-length': '40409',
27 silly registry.get     'accept-ranges': 'bytes',
27 silly registry.get     via: '1.1 varnish',
27 silly registry.get     age: '12',
27 silly registry.get     'x-served-by': 'cache-sn86-SIN',
27 silly registry.get     'x-cache': 'HIT',
27 silly registry.get     'x-cache-hits': '35',
27 silly registry.get     'x-timer': 'S1428898949.990564,VS0,VE0',
27 silly registry.get     vary: 'Accept',
27 silly registry.get     'keep-alive': 'timeout=10, max=50',
27 silly registry.get     connection: 'Keep-Alive' } ]
28 silly lockFile a382d150--underscore-underscore-1-3-3-tgz https://registry.npmjs.org/underscore/-/underscore-1.3.3.tgz
29 verbose lock https://registry.npmjs.org/underscore/-/underscore-1.3.3.tgz /home/admin1/.npm/a382d150--underscore-underscore-1-3-3-tgz.lock
30 verbose addRemoteTarball [ 'https://registry.npmjs.org/underscore/-/underscore-1.3.3.tgz',
30 verbose addRemoteTarball   '47ac53683daf832bfa952e1774417da47817ae42' ]
31 info retry fetch attempt 1 at 09:52:30
32 verbose fetch to= /tmp/npm-5660-wc61iJqo/registry.npmjs.org/underscore/-/underscore-1.3.3.tgz
33 http GET https://registry.npmjs.org/underscore/-/underscore-1.3.3.tgz
34 http 200 https://registry.npmjs.org/underscore/-/underscore-1.3.3.tgz
35 silly lockFile a382d150--underscore-underscore-1-3-3-tgz https://registry.npmjs.org/underscore/-/underscore-1.3.3.tgz
36 silly lockFile a382d150--underscore-underscore-1-3-3-tgz https://registry.npmjs.org/underscore/-/underscore-1.3.3.tgz
37 silly lockFile 99e765c4-underscore-1-3-3 underscore@1.3.3
38 silly lockFile 99e765c4-underscore-1-3-3 underscore@1.3.3
39 error Error: EACCES, open '/home/admin1/.npm/underscore/1.3.3/package.tgz'
39 error  { [Error: EACCES, open '/home/admin1/.npm/underscore/1.3.3/package.tgz']
39 error   errno: 3,
39 error   code: 'EACCES',
39 error   path: '/home/admin1/.npm/underscore/1.3.3/package.tgz',
39 error   parent: 'deep-wizard' }
40 error Please try running this command again as root/Administrator.
41 error System Linux 3.8.0-44-generic
42 error command "/usr/bin/node" "/usr/bin/npm" "install" "underscore"
43 error cwd /home/admin1/sushil/wizard-master
44 error node -v v0.10.37
45 error npm -v 1.4.28
46 error path /home/admin1/.npm/underscore/1.3.3/package.tgz
47 error code EACCES
48 error errno 3
49 error stack Error: EACCES, open '/home/admin1/.npm/underscore/1.3.3/package.tgz'
50 verbose exit [ 3, true ]
